{"/Users/aaronmaliqi/Desktop/gitDir/bank-tech-test/Transactions.js": {"path":"/Users/aaronmaliqi/Desktop/gitDir/bank-tech-test/Transactions.js","statementMap":{"0":{"start":{"line":3,"column":4},"end":{"line":3,"column":21}},"1":{"start":{"line":4,"column":4},"end":{"line":4,"column":22}},"2":{"start":{"line":5,"column":4},"end":{"line":5,"column":48}},"3":{"start":{"line":9,"column":4},"end":{"line":9,"column":26}},"4":{"start":{"line":10,"column":4},"end":{"line":15,"column":6}},"5":{"start":{"line":19,"column":4},"end":{"line":19,"column":26}},"6":{"start":{"line":20,"column":4},"end":{"line":25,"column":6}},"7":{"start":{"line":29,"column":4},"end":{"line":29,"column":24}},"8":{"start":{"line":33,"column":4},"end":{"line":33,"column":24}},"9":{"start":{"line":37,"column":19},"end":{"line":39,"column":15}},"10":{"start":{"line":38,"column":24},"end":{"line":38,"column":60}},"11":{"start":{"line":40,"column":4},"end":{"line":40,"column":58}},"12":{"start":{"line":44,"column":0},"end":{"line":44,"column":30}},"13":{"start":{"line":47,"column":20},"end":{"line":47,"column":38}},"14":{"start":{"line":48,"column":0},"end":{"line":48,"column":23}},"15":{"start":{"line":49,"column":0},"end":{"line":49,"column":23}},"16":{"start":{"line":50,"column":0},"end":{"line":50,"column":23}},"17":{"start":{"line":51,"column":0},"end":{"line":51,"column":23}},"18":{"start":{"line":53,"column":0},"end":{"line":53,"column":40}}},"fnMap":{"0":{"name":"(anonymous_0)","decl":{"start":{"line":2,"column":2},"end":{"line":2,"column":3}},"loc":{"start":{"line":2,"column":17},"end":{"line":6,"column":3}},"line":2},"1":{"name":"(anonymous_1)","decl":{"start":{"line":8,"column":2},"end":{"line":8,"column":3}},"loc":{"start":{"line":8,"column":17},"end":{"line":16,"column":3}},"line":8},"2":{"name":"(anonymous_2)","decl":{"start":{"line":18,"column":2},"end":{"line":18,"column":3}},"loc":{"start":{"line":18,"column":16},"end":{"line":26,"column":3}},"line":18},"3":{"name":"(anonymous_3)","decl":{"start":{"line":28,"column":2},"end":{"line":28,"column":3}},"loc":{"start":{"line":28,"column":16},"end":{"line":30,"column":3}},"line":28},"4":{"name":"(anonymous_4)","decl":{"start":{"line":32,"column":2},"end":{"line":32,"column":3}},"loc":{"start":{"line":32,"column":16},"end":{"line":34,"column":3}},"line":32},"5":{"name":"(anonymous_5)","decl":{"start":{"line":36,"column":2},"end":{"line":36,"column":3}},"loc":{"start":{"line":36,"column":18},"end":{"line":41,"column":3}},"line":36},"6":{"name":"(anonymous_6)","decl":{"start":{"line":38,"column":19},"end":{"line":38,"column":20}},"loc":{"start":{"line":38,"column":24},"end":{"line":38,"column":60}},"line":38}},"branchMap":{},"s":{"0":6,"1":6,"2":6,"3":4,"4":4,"5":5,"6":5,"7":2,"8":3,"9":1,"10":4,"11":1,"12":1,"13":1,"14":1,"15":1,"16":1,"17":1,"18":1},"f":{"0":6,"1":4,"2":5,"3":2,"4":3,"5":1,"6":4},"b":{},"_coverageSchema":"1a1c01bbd47fc00a2c39e90264f33305004495a9","hash":"bc40ed2353ad92c2795eb7e11275725bc8eff136"}
}
